AxiosError: Request failed with status code 522
    at settle (/home/container/node_modules/@adiwajshing/baileys/node_modules/axios/lib/core/settle.js:19:12)
    at RedirectableRequest.handleResponse (/home/container/node_modules/@adiwajshing/baileys/node_modules/axios/lib/adapters/http.js:518:9)
    at RedirectableRequest.emit (node:events:511:28)
    at RedirectableRequest._processResponse (/home/container/node_modules/follow-redirects/index.js:356:10)
    at ClientRequest.RedirectableRequest._onNativeResponse (/home/container/node_modules/follow-redirects/index.js:62:10)
    at Object.onceWrapper (node:events:626:26)
    at ClientRequest.emit (node:events:511:28)
    at HTTPParser.parserOnIncomingClient [as onIncoming] (node:_http_client:693:27)
    at HTTPParser.parserOnHeadersComplete (node:_http_common:119:17)
    at TLSSocket.socketOnData (node:_http_client:535:22) {
  code: 'ERR_BAD_RESPONSE',
  config: {
    transitional: {
      silentJSONParsing: true,
      forcedJSONParsing: true,
      clarifyTimeoutError: false
    },
    adapter: [ 'xhr', 'http' ],
    transformRequest: [ [Function: transformRequest] ],
    transformResponse: [ [Function: transformResponse] ],
    timeout: 0,
    xsrfCookieName: 'XSRF-TOKEN',
    xsrfHeaderName: 'X-XSRF-TOKEN',
    maxContentLength: -1,
    maxBodyLength: -1,
    env: { FormData: [Function], Blob: [class Blob] },
    validateStatus: [Function: validateStatus],
    headers: AxiosHeaders {
      Accept: 'application/json, text/plain, */*',
      'User-Agent': 'axios/1.4.0',
      'Accept-Encoding': 'gzip, compress, deflate, br'
    },
    responseType: 'stream',
    method: 'get',
    url: 'https://dl31.dlmate02.online/?file=M3R4SUNiN3JsOHJ6WWQ2a3NQS1Y5ZGlxVlZIOCtyZ0d1Zm9VakRNS0tvcG9oNzFrKzhXSEZvSmxBWlVnNXNHT09PeDkzbkRWWVlQTk5nYUZzNmMyUTJlSnFwTnZueWJBNXBvMVc4dzBCREQxaTdYbXhCY2t6RlhUVDkzK09wdHNYV0lqaldrdDNqYkFpdmJSdGtqTGxEdW92MTJLZmlFZXV6WU9ZS1NHcWNjYmdqQ2RQYUdpd1pVRGtpV1g1NWxDaDZIYnB3anN4dTl0NElVbkJoVWpOWU5MaEo3M2hnPT0%3D',
    data: undefined
  },
  request: <ref *1> ClientRequest {
    _events: [Object: null prototype] {
      abort: [Function (anonymous)],
      aborted: [Function (anonymous)],
      connect: [Function (anonymous)],
      error: [Function (anonymous)],
      socket: [Function (anonymous)],
      timeout: [Function (anonymous)],
      finish: [Function: requestOnFinish]
    },
    _eventsCount: 7,
    _maxListeners: undefined,
    outputData: [],
    outputSize: 0,
    writable: true,
    destroyed: false,
    _last: true,
    chunkedEncoding: false,
    shouldKeepAlive: true,
    maxRequestsOnConnectionReached: false,
    _defaultKeepAlive: true,
    useChunkedEncodingByDefault: false,
    sendDate: false,
    _removedConnection: false,
    _removedContLen: false,
    _removedTE: false,
    strictContentLength: false,
    _contentLength: 0,
    _hasBody: true,
    _trailer: '',
    finished: true,
    _headerSent: true,
    _closed: false,
    socket: TLSSocket {
      _tlsOptions: [Object],
      _secureEstablished: true,
      _securePending: false,
      _newSessionPending: false,
      _controlReleased: true,
      secureConnecting: false,
      _SNICallback: null,
      servername: 'dl31.dlmate02.online',
      alpnProtocol: false,
      authorized: true,
      authorizationError: null,
      encrypted: true,
      _events: [Object: null prototype],
      _eventsCount: 11,
      connecting: false,
      _hadError: false,
      _parent: null,
      _host: 'dl31.dlmate02.online',
      _closeAfterHandlingError: false,
      _readableState: [ReadableState],
      _maxListeners: undefined,
      _writableState: [WritableState],
      allowHalfOpen: false,
      _sockname: null,
      _pendingData: null,
      _pendingEncoding: '',
      server: undefined,
      _server: null,
      ssl: [TLSWrap],
      _requestCert: true,
      _rejectUnauthorized: true,
      timeout: 5000,
      parser: [HTTPParser],
      _httpMessage: [Circular *1],
      autoSelectFamilyAttemptedAddresses: [Array],
      [Symbol(res)]: [TLSWrap],
      [Symbol(verified)]: true,
      [Symbol(pendingSession)]: null,
      [Symbol(async_id_symbol)]: 18314,
      [Symbol(kHandle)]: [TLSWrap],
      [Symbol(lastWriteQueueSize)]: 0,
      [Symbol(timeout)]: Timeout {
        _idleTimeout: 5000,
        _idlePrev: [TimersList],
        _idleNext: [Timeout],
        _idleStart: 323151,
        _onTimeout: [Function: bound ],
        _timerArgs: undefined,
        _repeat: null,
        _destroyed: false,
        [Symbol(refed)]: false,
        [Symbol(kHasPrimitive)]: false,
        [Symbol(asyncId)]: 20963,
        [Symbol(triggerId)]: 18314
      },
      [Symbol(kBuffer)]: null,
      [Symbol(kBufferCb)]: null,
      [Symbol(kBufferGen)]: null,
      [Symbol(kCapture)]: false,
      [Symbol(kSetNoDelay)]: false,
      [Symbol(kSetKeepAlive)]: true,
      [Symbol(kSetKeepAliveInitialDelay)]: 60,
      [Symbol(kBytesRead)]: 0,
      [Symbol(kBytesWritten)]: 0,
      [Symbol(connect-options)]: [Object]
    },
    _header: 'GET /?file=M3R4SUNiN3JsOHJ6WWQ2a3NQS1Y5ZGlxVlZIOCtyZ0d1Zm9VakRNS0tvcG9oNzFrKzhXSEZvSmxBWlVnNXNHT09PeDkzbkRWWVlQTk5nYUZzNmMyUTJlSnFwTnZueWJBNXBvMVc4dzBCREQxaTdYbXhCY2t6RlhUVDkzK09wdHNYV0lqaldrdDNqYkFpdmJSdGtqTGxEdW92MTJLZmlFZXV6WU9ZS1NHcWNjYmdqQ2RQYUdpd1pVRGtpV1g1NWxDaDZIYnB3anN4dTl0NElVbkJoVWpOWU5MaEo3M2hnPT0%3D HTTP/1.1\r\n' +
      'Accept: application/json, text/plain, */*\r\n' +
      'User-Agent: axios/1.4.0\r\n' +
      'Accept-Encoding: gzip, compress, deflate, br\r\n' +
      'Host: dl31.dlmate02.online\r\n' +
      'Connection: keep-alive\r\n' +
      '\r\n',
    _keepAliveTimeout: 0,
    _onPendingData: [Function: nop],
    agent: Agent {
      _events: [Object: null prototype],
      _eventsCount: 2,
      _maxListeners: undefined,
      defaultPort: 443,
      protocol: 'https:',
      options: [Object: null prototype],
      requests: [Object: null prototype] {},
      sockets: [Object: null prototype],
      freeSockets: [Object: null prototype] {},
      keepAliveMsecs: 1000,
      keepAlive: true,
      maxSockets: Infinity,
      maxFreeSockets: 256,
      scheduling: 'lifo',
      maxTotalSockets: Infinity,
      totalSocketCount: 1,
      maxCachedSessions: 100,
      _sessionCache: [Object],
      [Symbol(kCapture)]: false
    },
    socketPath: undefined,
    method: 'GET',
    maxHeaderSize: undefined,
    insecureHTTPParser: undefined,
    joinDuplicateHeaders: undefined,
    path: '/?file=M3R4SUNiN3JsOHJ6WWQ2a3NQS1Y5ZGlxVlZIOCtyZ0d1Zm9VakRNS0tvcG9oNzFrKzhXSEZvSmxBWlVnNXNHT09PeDkzbkRWWVlQTk5nYUZzNmMyUTJlSnFwTnZueWJBNXBvMVc4dzBCREQxaTdYbXhCY2t6RlhUVDkzK09wdHNYV0lqaldrdDNqYkFpdmJSdGtqTGxEdW92MTJLZmlFZXV6WU9ZS1NHcWNjYmdqQ2RQYUdpd1pVRGtpV1g1NWxDaDZIYnB3anN4dTl0NElVbkJoVWpOWU5MaEo3M2hnPT0%3D',
    _ended: false,
    res: IncomingMessage {
      _readableState: [ReadableState],
      _events: [Object: null prototype],
      _eventsCount: 4,
      _maxListeners: undefined,
      socket: [TLSSocket],
      httpVersionMajor: 1,
      httpVersionMinor: 1,
      httpVersion: '1.1',
      complete: false,
      rawHeaders: [Array],
      rawTrailers: [],
      joinDuplicateHeaders: undefined,
      aborted: false,
      upgrade: false,
      url: '',
      method: null,
      statusCode: 522,
      statusMessage: '',
      client: [TLSSocket],
      _consuming: false,
      _dumped: false,
      req: [Circular *1],
      responseUrl: 'https://dl31.dlmate02.online/?file=M3R4SUNiN3JsOHJ6WWQ2a3NQS1Y5ZGlxVlZIOCtyZ0d1Zm9VakRNS0tvcG9oNzFrKzhXSEZvSmxBWlVnNXNHT09PeDkzbkRWWVlQTk5nYUZzNmMyUTJlSnFwTnZueWJBNXBvMVc4dzBCREQxaTdYbXhCY2t6RlhUVDkzK09wdHNYV0lqaldrdDNqYkFpdmJSdGtqTGxEdW92MTJLZmlFZXV6WU9ZS1NHcWNjYmdqQ2RQYUdpd1pVRGtpV1g1NWxDaDZIYnB3anN4dTl0NElVbkJoVWpOWU5MaEo3M2hnPT0%3D',
      redirects: [],
      [Symbol(kCapture)]: false,
      [Symbol(kHeaders)]: [Object],
      [Symbol(kHeadersCount)]: 20,
      [Symbol(kTrailers)]: null,
      [Symbol(kTrailersCount)]: 0
    },
    aborted: false,
    timeoutCb: [Function: emitRequestTimeout],
    upgradeOrConnect: false,
    parser: HTTPParser {
      '0': null,
      '1': [Function: parserOnHeaders],
      '2': [Function: parserOnHeadersComplete],
      '3': [Function: parserOnBody],
      '4': [Function: parserOnMessageComplete],
      '5': null,
      '6': null,
      _headers: [],
      _url: '',
      socket: [TLSSocket],
      incoming: [IncomingMessage],
      outgoing: [Circular *1],
      maxHeaderPairs: 2000,
      _consumed: false,
      onIncoming: [Function: parserOnIncomingClient],
      joinDuplicateHeaders: undefined,
      [Symbol(resource_symbol)]: [HTTPClientAsyncResource]
    },
    maxHeadersCount: null,
    reusedSocket: false,
    host: 'dl31.dlmate02.online',
    protocol: 'https:',
    _redirectable: Writable {
      _writableState: [WritableState],
      _events: [Object: null prototype],
      _eventsCount: 3,
      _maxListeners: undefined,
      _options: [Object],
      _ended: true,
      _ending: true,
      _redirectCount: 0,
      _redirects: [],
      _requestBodyLength: 0,
      _requestBodyBuffers: [],
      _onNativeResponse: [Function (anonymous)],
      _currentRequest: [Circular *1],
      _currentUrl: 'https://dl31.dlmate02.online/?file=M3R4SUNiN3JsOHJ6WWQ2a3NQS1Y5ZGlxVlZIOCtyZ0d1Zm9VakRNS0tvcG9oNzFrKzhXSEZvSmxBWlVnNXNHT09PeDkzbkRWWVlQTk5nYUZzNmMyUTJlSnFwTnZueWJBNXBvMVc4dzBCREQxaTdYbXhCY2t6RlhUVDkzK09wdHNYV0lqaldrdDNqYkFpdmJSdGtqTGxEdW92MTJLZmlFZXV6WU9ZS1NHcWNjYmdqQ2RQYUdpd1pVRGtpV1g1NWxDaDZIYnB3anN4dTl0NElVbkJoVWpOWU5MaEo3M2hnPT0%3D',
      [Symbol(kCapture)]: false
    },
    [Symbol(kCapture)]: false,
    [Symbol(kBytesWritten)]: 0,
    [Symbol(kNeedDrain)]: false,
    [Symbol(corked)]: 0,
    [Symbol(kOutHeaders)]: [Object: null prototype] {
      accept: [Array],
      'user-agent': [Array],
      'accept-encoding': [Array],
      host: [Array]
    },
    [Symbol(errored)]: null,
    [Symbol(kHighWaterMark)]: 16384,
    [Symbol(kRejectNonStandardBodyWrites)]: false,
    [Symbol(kUniqueHeaders)]: null
  },
  response: {
    status: 522,
    statusText: '',
    headers: AxiosHeaders {
      date: 'Mon, 03 Jul 2023 09:20:58 GMT',
      'content-type': 'text/html; charset=UTF-8',
      'transfer-encoding': 'chunked',
      connection: 'keep-alive',
      'x-frame-options': 'SAMEORIGIN',
      'referrer-policy': 'same-origin',
      'cache-control': 'private, max-age=0, no-store, no-cache, must-revalidate, post-check=0, pre-check=0',
      expires: 'Thu, 01 Jan 1970 00:00:01 GMT',
      'cf-ray': '7e0e0d7f3ada899a-SIN',
      server: 'cloudflare'
    },
    config: {
      transitional: [Object],
      adapter: [Array],
      transformRequest: [Array],
      transformResponse: [Array],
      timeout: 0,
      xsrfCookieName: 'XSRF-TOKEN',
      xsrfHeaderName: 'X-XSRF-TOKEN',
      maxContentLength: -1,
      maxBodyLength: -1,
      env: [Object],
      validateStatus: [Function: validateStatus],
      headers: [AxiosHeaders],
      responseType: 'stream',
      method: 'get',
      url: 'https://dl31.dlmate02.online/?file=M3R4SUNiN3JsOHJ6WWQ2a3NQS1Y5ZGlxVlZIOCtyZ0d1Zm9VakRNS0tvcG9oNzFrKzhXSEZvSmxBWlVnNXNHT09PeDkzbkRWWVlQTk5nYUZzNmMyUTJlSnFwTnZueWJBNXBvMVc4dzBCREQxaTdYbXhCY2t6RlhUVDkzK09wdHNYV0lqaldrdDNqYkFpdmJSdGtqTGxEdW92MTJLZmlFZXV6WU9ZS1NHcWNjYmdqQ2RQYUdpd1pVRGtpV1g1NWxDaDZIYnB3anN4dTl0NElVbkJoVWpOWU5MaEo3M2hnPT0%3D',
      data: undefined
    },
    request: <ref *1> ClientRequest {
      _events: [Object: null prototype],
      _eventsCount: 7,
      _maxListeners: undefined,
      outputData: [],
      outputSize: 0,
      writable: true,
      destroyed: false,
      _last: true,
      chunkedEncoding: false,
      shouldKeepAlive: true,
      maxRequestsOnConnectionReached: false,
      _defaultKeepAlive: true,
      useChunkedEncodingByDefault: false,
      sendDate: false,
      _removedConnection: false,
      _removedContLen: false,
      _removedTE: false,
      strictContentLength: false,
      _contentLength: 0,
      _hasBody: true,
      _trailer: '',
      finished: true,
      _headerSent: true,
      _closed: false,
      socket: [TLSSocket],
      _header: 'GET /?file=M3R4SUNiN3JsOHJ6WWQ2a3NQS1Y5ZGlxVlZIOCtyZ0d1Zm9VakRNS0tvcG9oNzFrKzhXSEZvSmxBWlVnNXNHT09PeDkzbkRWWVlQTk5nYUZzNmMyUTJlSnFwTnZueWJBNXBvMVc4dzBCREQxaTdYbXhCY2t6RlhUVDkzK09wdHNYV0lqaldrdDNqYkFpdmJSdGtqTGxEdW92MTJLZmlFZXV6WU9ZS1NHcWNjYmdqQ2RQYUdpd1pVRGtpV1g1NWxDaDZIYnB3anN4dTl0NElVbkJoVWpOWU5MaEo3M2hnPT0%3D HTTP/1.1\r\n' +
        'Accept: application/json, text/plain, */*\r\n' +
        'User-Agent: axios/1.4.0\r\n' +
        'Accept-Encoding: gzip, compress, deflate, br\r\n' +
        'Host: dl31.dlmate02.online\r\n' +
        'Connection: keep-alive\r\n' +
        '\r\n',
      _keepAliveTimeout: 0,
      _onPendingData: [Function: nop],
      agent: [Agent],
      socketPath: undefined,
      method: 'GET',
      maxHeaderSize: undefined,
      insecureHTTPParser: undefined,
      joinDuplicateHeaders: undefined,
      path: '/?file=M3R4SUNiN3JsOHJ6WWQ2a3NQS1Y5ZGlxVlZIOCtyZ0d1Zm9VakRNS0tvcG9oNzFrKzhXSEZvSmxBWlVnNXNHT09PeDkzbkRWWVlQTk5nYUZzNmMyUTJlSnFwTnZueWJBNXBvMVc4dzBCREQxaTdYbXhCY2t6RlhUVDkzK09wdHNYV0lqaldrdDNqYkFpdmJSdGtqTGxEdW92MTJLZmlFZXV6WU9ZS1NHcWNjYmdqQ2RQYUdpd1pVRGtpV1g1NWxDaDZIYnB3anN4dTl0NElVbkJoVWpOWU5MaEo3M2hnPT0%3D',
      _ended: false,
      res: [IncomingMessage],
      aborted: false,
      timeoutCb: [Function: emitRequestTimeout],
      upgradeOrConnect: false,
      parser: [HTTPParser],
      maxHeadersCount: null,
      reusedSocket: false,
      host: 'dl31.dlmate02.online',
      protocol: 'https:',
      _redirectable: [Writable],
      [Symbol(kCapture)]: false,
      [Symbol(kBytesWritten)]: 0,
      [Symbol(kNeedDrain)]: false,
      [Symbol(corked)]: 0,
      [Symbol(kOutHeaders)]: [Object: null prototype],
      [Symbol(errored)]: null,
      [Symbol(kHighWaterMark)]: 16384,
      [Symbol(kRejectNonStandardBodyWrites)]: false,
      [Symbol(kUniqueHeaders)]: null
    },
    data: IncomingMessage {
      _readableState: [ReadableState],
      _events: [Object: null prototype],
      _eventsCount: 4,
      _maxListeners: undefined,
      socket: [TLSSocket],
      httpVersionMajor: 1,
      httpVersionMinor: 1,
      httpVersion: '1.1',
      complete: false,
      rawHeaders: [Array],
      rawTrailers: [],
      joinDuplicateHeaders: undefined,
      aborted: false,
      upgrade: false,
      url: '',
      method: null,
      statusCode: 522,
      statusMessage: '',
      client: [TLSSocket],
      _consuming: false,
      _dumped: false,
      req: [ClientRequest],
      responseUrl: 'https://dl31.dlmate02.online/?file=M3R4SUNiN3JsOHJ6WWQ2a3NQS1Y5ZGlxVlZIOCtyZ0d1Zm9VakRNS0tvcG9oNzFrKzhXSEZvSmxBWlVnNXNHT09PeDkzbkRWWVlQTk5nYUZzNmMyUTJlSnFwTnZueWJBNXBvMVc4dzBCREQxaTdYbXhCY2t6RlhUVDkzK09wdHNYV0lqaldrdDNqYkFpdmJSdGtqTGxEdW92MTJLZmlFZXV6WU9ZS1NHcWNjYmdqQ2RQYUdpd1pVRGtpV1g1NWxDaDZIYnB3anN4dTl0NElVbkJoVWpOWU5MaEo3M2hnPT0%3D',
      redirects: [],
      [Symbol(kCapture)]: false,
      [Symbol(kHeaders)]: [Object],
      [Symbol(kHeadersCount)]: 20,
      [Symbol(kTrailers)]: null,
      [Symbol(kTrailersCount)]: 0
    }
  }
}
AxiosError: Request failed with status code 403
    at settle (/home/container/node_modules/@adiwajshing/baileys/node_modules/axios/lib/core/settle.js:19:12)
    at RedirectableRequest.handleResponse (/home/container/node_modules/@adiwajshing/baileys/node_modules/axios/lib/adapters/http.js:518:9)
    at RedirectableRequest.emit (node:events:511:28)
    at RedirectableRequest._processResponse (/home/container/node_modules/follow-redirects/index.js:356:10)
    at ClientRequest.RedirectableRequest._onNativeResponse (/home/container/node_modules/follow-redirects/index.js:62:10)
    at Object.onceWrapper (node:events:626:26)
    at ClientRequest.emit (node:events:511:28)
    at HTTPParser.parserOnIncomingClient [as onIncoming] (node:_http_client:693:27)
    at HTTPParser.parserOnHeadersComplete (node:_http_common:119:17)
    at TLSSocket.socketOnData (node:_http_client:535:22) {
  code: 'ERR_BAD_REQUEST',
  config: {
    transitional: {
      silentJSONParsing: true,
      forcedJSONParsing: true,
      clarifyTimeoutError: false
    },
    adapter: [ 'xhr', 'http' ],
    transformRequest: [ [Function: transformRequest] ],
    transformResponse: [ [Function: transformResponse] ],
    timeout: 0,
    xsrfCookieName: 'XSRF-TOKEN',
    xsrfHeaderName: 'X-XSRF-TOKEN',
    maxContentLength: -1,
    maxBodyLength: -1,
    env: { FormData: [Function], Blob: [class Blob] },
    validateStatus: [Function: validateStatus],
    headers: AxiosHeaders {
      Accept: 'application/json, text/plain, */*',
      'User-Agent': 'axios/1.4.0',
      'Accept-Encoding': 'gzip, compress, deflate, br'
    },
    responseType: 'stream',
    method: 'get',
    url: 'https://api.lolhuman.xyz/api/imagetoanime?apikey=Ryan-Key&img=https://telegra.ph/file/64244863d2ed671316aa0.jpg',
    data: undefined
  },
  request: <ref *1> ClientRequest {
    _events: [Object: null prototype] {
      abort: [Function (anonymous)],
      aborted: [Function (anonymous)],
      connect: [Function (anonymous)],
      error: [Function (anonymous)],
      socket: [Function (anonymous)],
      timeout: [Function (anonymous)],
      finish: [Function: requestOnFinish]
    },
    _eventsCount: 7,
    _maxListeners: undefined,
    outputData: [],
    outputSize: 0,
    writable: true,
    destroyed: false,
    _last: true,
    chunkedEncoding: false,
    shouldKeepAlive: true,
    maxRequestsOnConnectionReached: false,
    _defaultKeepAlive: true,
    useChunkedEncodingByDefault: false,
    sendDate: false,
    _removedConnection: false,
    _removedContLen: false,
    _removedTE: false,
    strictContentLength: false,
    _contentLength: 0,
    _hasBody: true,
    _trailer: '',
    finished: true,
    _headerSent: true,
    _closed: false,
    socket: TLSSocket {
      _tlsOptions: [Object],
      _secureEstablished: true,
      _securePending: false,
      _newSessionPending: false,
      _controlReleased: true,
      secureConnecting: false,
      _SNICallback: null,
      servername: 'api.lolhuman.xyz',
      alpnProtocol: false,
      authorized: true,
      authorizationError: null,
      encrypted: true,
      _events: [Object: null prototype],
      _eventsCount: 11,
      connecting: false,
      _hadError: false,
      _parent: null,
      _host: 'api.lolhuman.xyz',
      _closeAfterHandlingError: false,
      _readableState: [ReadableState],
      _maxListeners: undefined,
      _writableState: [WritableState],
      allowHalfOpen: false,
      _sockname: null,
      _pendingData: null,
      _pendingEncoding: '',
      server: undefined,
      _server: null,
      ssl: [TLSWrap],
      _requestCert: true,
      _rejectUnauthorized: true,
      timeout: 5000,
      parser: [HTTPParser],
      _httpMessage: [Circular *1],
      autoSelectFamilyAttemptedAddresses: [Array],
      [Symbol(res)]: [TLSWrap],
      [Symbol(verified)]: true,
      [Symbol(pendingSession)]: null,
      [Symbol(async_id_symbol)]: 77065,
      [Symbol(kHandle)]: [TLSWrap],
      [Symbol(lastWriteQueueSize)]: 0,
      [Symbol(timeout)]: Timeout {
        _idleTimeout: 5000,
        _idlePrev: [TimersList],
        _idleNext: [Timeout],
        _idleStart: 747502,
        _onTimeout: [Function: bound ],
        _timerArgs: undefined,
        _repeat: null,
        _destroyed: false,
        [Symbol(refed)]: false,
        [Symbol(kHasPrimitive)]: false,
        [Symbol(asyncId)]: 77067,
        [Symbol(triggerId)]: 0
      },
      [Symbol(kBuffer)]: null,
      [Symbol(kBufferCb)]: null,
      [Symbol(kBufferGen)]: null,
      [Symbol(kCapture)]: false,
      [Symbol(kSetNoDelay)]: false,
      [Symbol(kSetKeepAlive)]: true,
      [Symbol(kSetKeepAliveInitialDelay)]: 60,
      [Symbol(kBytesRead)]: 0,
      [Symbol(kBytesWritten)]: 0,
      [Symbol(connect-options)]: [Object]
    },
    _header: 'GET /api/imagetoanime?apikey=Ryan-Key&img=https://telegra.ph/file/64244863d2ed671316aa0.jpg HTTP/1.1\r\n' +
      'Accept: application/json, text/plain, */*\r\n' +
      'User-Agent: axios/1.4.0\r\n' +
      'Accept-Encoding: gzip, compress, deflate, br\r\n' +
      'Host: api.lolhuman.xyz\r\n' +
      'Connection: keep-alive\r\n' +
      '\r\n',
    _keepAliveTimeout: 0,
    _onPendingData: [Function: nop],
    agent: Agent {
      _events: [Object: null prototype],
      _eventsCount: 2,
      _maxListeners: undefined,
      defaultPort: 443,
      protocol: 'https:',
      options: [Object: null prototype],
      requests: [Object: null prototype] {},
      sockets: [Object: null prototype],
      freeSockets: [Object: null prototype],
      keepAliveMsecs: 1000,
      keepAlive: true,
      maxSockets: Infinity,
      maxFreeSockets: 256,
      scheduling: 'lifo',
      maxTotalSockets: Infinity,
      totalSocketCount: 3,
      maxCachedSessions: 100,
      _sessionCache: [Object],
      [Symbol(kCapture)]: false
    },
    socketPath: undefined,
    method: 'GET',
    maxHeaderSize: undefined,
    insecureHTTPParser: undefined,
    joinDuplicateHeaders: undefined,
    path: '/api/imagetoanime?apikey=Ryan-Key&img=https://telegra.ph/file/64244863d2ed671316aa0.jpg',
    _ended: false,
    res: IncomingMessage {
      _readableState: [ReadableState],
      _events: [Object: null prototype],
      _eventsCount: 5,
      _maxListeners: undefined,
      socket: [TLSSocket],
      httpVersionMajor: 1,
      httpVersionMinor: 1,
      httpVersion: '1.1',
      complete: false,
      rawHeaders: [Array],
      rawTrailers: [],
      joinDuplicateHeaders: undefined,
      aborted: false,
      upgrade: false,
      url: '',
      method: null,
      statusCode: 403,
      statusMessage: 'Forbidden',
      client: [TLSSocket],
      _consuming: true,
      _dumped: false,
      req: [Circular *1],
      responseUrl: 'https://api.lolhuman.xyz/api/imagetoanime?apikey=Ryan-Key&img=https://telegra.ph/file/64244863d2ed671316aa0.jpg',
      redirects: [],
      [Symbol(kCapture)]: false,
      [Symbol(kHeaders)]: [Object],
      [Symbol(kHeadersCount)]: 46,
      [Symbol(kTrailers)]: null,
      [Symbol(kTrailersCount)]: 0
    },
    aborted: false,
    timeoutCb: [Function: emitRequestTimeout],
    upgradeOrConnect: false,
    parser: HTTPParser {
      '0': null,
      '1': [Function: parserOnHeaders],
      '2': [Function: parserOnHeadersComplete],
      '3': [Function: parserOnBody],
      '4': [Function: parserOnMessageComplete],
      '5': null,
      '6': null,
      _headers: [],
      _url: '',
      socket: [TLSSocket],
      incoming: [IncomingMessage],
      outgoing: [Circular *1],
      maxHeaderPairs: 2000,
      _consumed: false,
      onIncoming: [Function: parserOnIncomingClient],
      joinDuplicateHeaders: undefined,
      [Symbol(resource_symbol)]: [HTTPClientAsyncResource]
    },
    maxHeadersCount: null,
    reusedSocket: false,
    host: 'api.lolhuman.xyz',
    protocol: 'https:',
    _redirectable: Writable {
      _writableState: [WritableState],
      _events: [Object: null prototype],
      _eventsCount: 3,
      _maxListeners: undefined,
      _options: [Object],
      _ended: true,
      _ending: true,
      _redirectCount: 0,
      _redirects: [],
      _requestBodyLength: 0,
      _requestBodyBuffers: [],
      _onNativeResponse: [Function (anonymous)],
      _currentRequest: [Circular *1],
      _currentUrl: 'https://api.lolhuman.xyz/api/imagetoanime?apikey=Ryan-Key&img=https://telegra.ph/file/64244863d2ed671316aa0.jpg',
      [Symbol(kCapture)]: false
    },
    [Symbol(kCapture)]: false,
    [Symbol(kBytesWritten)]: 0,
    [Symbol(kNeedDrain)]: false,
    [Symbol(corked)]: 0,
    [Symbol(kOutHeaders)]: [Object: null prototype] {
      accept: [Array],
      'user-agent': [Array],
      'accept-encoding': [Array],
      host: [Array]
    },
    [Symbol(errored)]: null,
    [Symbol(kHighWaterMark)]: 16384,
    [Symbol(kRejectNonStandardBodyWrites)]: false,
    [Symbol(kUniqueHeaders)]: null
  },
  response: {
    status: 403,
    statusText: 'Forbidden',
    headers: AxiosHeaders {
      date: 'Mon, 03 Jul 2023 09:28:03 GMT',
      'content-type': 'application/json; charset=utf-8',
      'transfer-encoding': 'chunked',
      connection: 'keep-alive',
      'x-dns-prefetch-control': 'off',
      'x-frame-options': 'SAMEORIGIN',
      'strict-transport-security': 'max-age=15552000; includeSubDomains',
      'x-download-options': 'noopen',
      'x-content-type-options': 'nosniff',
      'origin-agent-cluster': '?1',
      'x-permitted-cross-domain-policies': 'none',
      'referrer-policy': 'no-referrer',
      'x-xss-protection': '0',
      'access-control-allow-origin': '*',
      etag: 'W/"59-Uutq5y8TMPjuwRRAxoi1jupAP7I"',
      'cf-cache-status': 'DYNAMIC',
      'report-to': '{"endpoints":[{"url":"https:\\/\\/a.nel.cloudflare.com\\/report\\/v3?s=IctvX8DHhV%2FzCbvE4CfZeA99%2FcXvHXzxTndVHe4pN9mcag2NDlOxeInCE7IuPeHtexfI%2B8E4h4s4SHPLT%2F7XsQLcGxtgLHNTo1BmSPI4oYqIqS7wdL6I0xjPGgdKHvO2ciCU"}],"group":"cf-nel","max_age":604800}',
      nel: '{"success_fraction":0,"report_to":"cf-nel","max_age":604800}',
      vary: 'Accept-Encoding',
      server: 'cloudflare',
      'cf-ray': '7e0e189acef23f81-SIN',
      'alt-svc': 'h3=":443"; ma=86400'
    },
    config: {
      transitional: [Object],
      adapter: [Array],
      transformRequest: [Array],
      transformResponse: [Array],
      timeout: 0,
      xsrfCookieName: 'XSRF-TOKEN',
      xsrfHeaderName: 'X-XSRF-TOKEN',
      maxContentLength: -1,
      maxBodyLength: -1,
      env: [Object],
      validateStatus: [Function: validateStatus],
      headers: [AxiosHeaders],
      responseType: 'stream',
      method: 'get',
      url: 'https://api.lolhuman.xyz/api/imagetoanime?apikey=Ryan-Key&img=https://telegra.ph/file/64244863d2ed671316aa0.jpg',
      data: undefined
    },
    request: <ref *1> ClientRequest {
      _events: [Object: null prototype],
      _eventsCount: 7,
      _maxListeners: undefined,
      outputData: [],
      outputSize: 0,
      writable: true,
      destroyed: false,
      _last: true,
      chunkedEncoding: false,
      shouldKeepAlive: true,
      maxRequestsOnConnectionReached: false,
      _defaultKeepAlive: true,
      useChunkedEncodingByDefault: false,
      sendDate: false,
      _removedConnection: false,
      _removedContLen: false,
      _removedTE: false,
      strictContentLength: false,
      _contentLength: 0,
      _hasBody: true,
      _trailer: '',
      finished: true,
      _headerSent: true,
      _closed: false,
      socket: [TLSSocket],
      _header: 'GET /api/imagetoanime?apikey=Ryan-Key&img=https://telegra.ph/file/64244863d2ed671316aa0.jpg HTTP/1.1\r\n' +
        'Accept: application/json, text/plain, */*\r\n' +
        'User-Agent: axios/1.4.0\r\n' +
        'Accept-Encoding: gzip, compress, deflate, br\r\n' +
        'Host: api.lolhuman.xyz\r\n' +
        'Connection: keep-alive\r\n' +
        '\r\n',
      _keepAliveTimeout: 0,
      _onPendingData: [Function: nop],
      agent: [Agent],
      socketPath: undefined,
      method: 'GET',
      maxHeaderSize: undefined,
      insecureHTTPParser: undefined,
      joinDuplicateHeaders: undefined,
      path: '/api/imagetoanime?apikey=Ryan-Key&img=https://telegra.ph/file/64244863d2ed671316aa0.jpg',
      _ended: false,
      res: [IncomingMessage],
      aborted: false,
      timeoutCb: [Function: emitRequestTimeout],
      upgradeOrConnect: false,
      parser: [HTTPParser],
      maxHeadersCount: null,
      reusedSocket: false,
      host: 'api.lolhuman.xyz',
      protocol: 'https:',
      _redirectable: [Writable],
      [Symbol(kCapture)]: false,
      [Symbol(kBytesWritten)]: 0,
      [Symbol(kNeedDrain)]: false,
      [Symbol(corked)]: 0,
      [Symbol(kOutHeaders)]: [Object: null prototype],
      [Symbol(errored)]: null,
      [Symbol(kHighWaterMark)]: 16384,
      [Symbol(kRejectNonStandardBodyWrites)]: false,
      [Symbol(kUniqueHeaders)]: null
    },
    data: BrotliDecompress {
      _writeState: [Uint32Array],
      _readableState: [ReadableState],
      _events: [Object: null prototype],
      _eventsCount: 6,
      _maxListeners: undefined,
      _writableState: [WritableState],
      allowHalfOpen: true,
      bytesWritten: 0,
      _handle: [BrotliDecoder],
      _outBuffer: <Buffer 7b 0a 20 20 20 20 22 73 74 61 74 75 73 22 3a 20 34 30 33 2c 0a 20 20 20 20 22 6d 65 73 73 61 67 65 22 3a 20 22 66 65 61 74 75 72 65 20 6f 6e 6c 79 20 ... 16334 more bytes>,
      _outOffset: 0,
      _chunkSize: 16384,
      _defaultFlushFlag: 1,
      _finishFlushFlag: 1,
      _defaultFullFlushFlag: 1,
      _info: undefined,
      _maxOutputLength: 4294967296,
      [Symbol(kCapture)]: false,
      [Symbol(kCallback)]: null,
      [Symbol(kError)]: null
    }
  }
}
Error: Media upload failed on all hosts
    at Object.upload (/home/container/node_modules/@adiwajshing/baileys/lib/Utils/messages-media.js:539:19)
    at processTicksAndRejections (node:internal/process/task_queues:95:5)
    at /home/container/node_modules/@adiwajshing/baileys/lib/Utils/messages.js:110:28
    at async Promise.all (index 0)
    at prepareWAMessageMedia (/home/container/node_modules/@adiwajshing/baileys/lib/Utils/messages.js:108:40)
    at generateWAMessageContent (/home/container/node_modules/@adiwajshing/baileys/lib/Utils/messages.js:327:13)
    at generateWAMessage (/home/container/node_modules/@adiwajshing/baileys/lib/Utils/messages.js:468:59)
    at Object.sendMessage (/home/container/node_modules/@adiwajshing/baileys/lib/Socket/messages-send.js:606:33) {
  data: null,
  isBoom: true,
  isServer: true,
  output: {
    statusCode: 500,
    payload: {
      statusCode: 500,
      error: 'Internal Server Error',
      message: 'An internal server error occurred'
    },
    headers: {}
  }
}
Error: Media upload failed on all hosts
    at Object.upload (/home/container/node_modules/@adiwajshing/baileys/lib/Utils/messages-media.js:539:19)
    at processTicksAndRejections (node:internal/process/task_queues:95:5)
    at /home/container/node_modules/@adiwajshing/baileys/lib/Utils/messages.js:110:28
    at async Promise.all (index 0)
    at prepareWAMessageMedia (/home/container/node_modules/@adiwajshing/baileys/lib/Utils/messages.js:108:40)
    at generateWAMessageContent (/home/container/node_modules/@adiwajshing/baileys/lib/Utils/messages.js:327:13)
    at generateWAMessage (/home/container/node_modules/@adiwajshing/baileys/lib/Utils/messages.js:468:59)
    at Object.sendMessage (/home/container/node_modules/@adiwajshing/baileys/lib/Socket/messages-send.js:606:33) {
  data: null,
  isBoom: true,
  isServer: true,
  output: {
    statusCode: 500,
    payload: {
      statusCode: 500,
      error: 'Internal Server Error',
      message: 'An internal server error occurred'
    },
    headers: {}
  }
}
[Error: ENOENT: no such file or directory, open 'Image not authorized.
Please sign-up for
 a paid account.'] {
  errno: -2,
  code: 'ENOENT',
  syscall: 'open',
  path: 'Image not authorized.\nPlease sign-up for\n a paid account.'
}
[Error: ENOENT: no such file or directory, open 'Image not authorized.
Please sign-up for
 a paid account.'] {
  errno: -2,
  code: 'ENOENT',
  syscall: 'open',
  path: 'Image not authorized.\nPlease sign-up for\n a paid account.'
}
